<?xml version="1.0" encoding="UTF-8"?>
<!-- Generated by org.testng.reporters.JUnitReportReporter -->
<testsuite skipped="0" hostname="Sergeys-MacBook-Pro.local" name="dice.ChangeSkillYearExpTest" tests="1" failures="0" timestamp="20 Aug 2018 08:10:11 GMT" time="22.326" errors="0">
  <testcase name="changeSkillYearExp" time="22.326" classname="dice.ChangeSkillYearExpTest"/>
</testsuite> <!-- dice.ChangeSkillYearExpTest -->
