<?xml version="1.0" encoding="UTF-8"?>
<!-- Generated by org.testng.reporters.JUnitReportReporter -->
<testsuite skipped="0" hostname="Sergeys-MacBook-Pro.local" name="dice.ChangeSkillYearExpTest" tests="1" failures="0" timestamp="20 Aug 2018 21:32:28 GMT" time="40.729" errors="0">
  <testcase name="changeSkillYearExp" time="40.729" classname="dice.ChangeSkillYearExpTest"/>
</testsuite> <!-- dice.ChangeSkillYearExpTest -->
