<?xml version="1.0" encoding="UTF-8"?>
<!-- Generated by org.testng.reporters.JUnitReportReporter -->
<testsuite skipped="0" hostname="Sergeys-MacBook-Pro.local" name="testing.TestScenario" tests="1" failures="0" timestamp="20 Aug 2018 09:23:27 GMT" time="0.014" errors="0">
  <testcase name="testing" time="0.014" classname="testing.TestScenario"/>
</testsuite> <!-- testing.TestScenario -->
