<?xml version="1.0" encoding="UTF-8"?>
<!-- Generated by org.testng.reporters.JUnitReportReporter -->
<testsuite skipped="0" hostname="Sergeys-MacBook-Pro.local" name="dice.EasyApplyForNationwidePositionTest" tests="1" failures="0" timestamp="22 Aug 2018 18:31:09 GMT" time="40.857" errors="0">
  <testcase name="EasyApplyForNationwidePosition" time="40.857" classname="dice.EasyApplyForNationwidePositionTest"/>
</testsuite> <!-- dice.EasyApplyForNationwidePositionTest -->
