<?xml version="1.0" encoding="UTF-8"?>
<!-- Generated by org.testng.reporters.JUnitReportReporter -->
<testsuite skipped="0" hostname="Sergeys-MacBook-Pro.local" name="testing.TestScenario" tests="1" failures="0" timestamp="21 Aug 2018 03:40:41 GMT" time="12.263" errors="0">
  <testcase name="testing" time="12.263" classname="testing.TestScenario"/>
</testsuite> <!-- testing.TestScenario -->
