<?xml version="1.0" encoding="UTF-8"?>
<!-- Generated by org.testng.reporters.JUnitReportReporter -->
<testsuite skipped="0" hostname="Sergeys-MacBook-Pro.local" name="testing.TestScenario" tests="1" failures="0" timestamp="21 Aug 2018 06:59:30 GMT" time="8.260" errors="0">
  <testcase name="testing" time="8.260" classname="testing.TestScenario"/>
</testsuite> <!-- testing.TestScenario -->
